<?xml version="1.0" encoding="UTF-8"?>
<!-- Generated by org.testng.reporters.JUnitReportReporter -->
<testsuite hostname="LAPTOP-8HVGFV97" failures="0" tests="3" name="testing.test" time="34.381" errors="0" timestamp="2023-03-09T01:01:29 IST" skipped="0">
  <testcase classname="testing.test" name="test1" time="12.974"/>
  <system-out/>
  <testcase classname="testing.test" name="test2" time="11.141"/>
  <system-out/>
  <testcase classname="testing.test" name="test3" time="10.266"/>
  <system-out/>
</testsuite> <!-- testing.test -->
